<?xml version="1.0" encoding="UTF-8"?>
<!-- Generated by org.testng.reporters.JUnitReportReporter -->
<testsuite hostname="LAPTOP-IARKJJ3P" failures="0" tests="1" name="goibibo.GoibiboTest" time="7.660" errors="0" timestamp="2020-05-07T23:26:53 EDT" skipped="0">
  <testcase classname="goibibo.GoibiboTest" name="partialTextSelect" time="7.660"/>
  <system-out/>
</testsuite> <!-- goibibo.GoibiboTest -->
